Exception: Division by zero. in C:\xampp\htdocs\PHP web\my_error1.php:18
Stack trace:
#0 C:\xampp\htdocs\PHP web\my_error1.php(23): inverse(0)
#1 {main}Exception: Division by zero. in C:\xampp\htdocs\PHP web\my_error1.php:18
Stack trace:
#0 C:\xampp\htdocs\PHP web\my_error1.php(23): inverse(0)
#1 {main}Exception: Division by zero. in C:\xampp\htdocs\PHP web\my_error1.php:18
Stack trace:
#0 C:\xampp\htdocs\PHP web\my_error1.php(23): inverse(0)
#1 {main}Exception: Division by zero. in C:\xampp\htdocs\PHP web\my_error1.php:18
Stack trace:
#0 C:\xampp\htdocs\PHP web\my_error1.php(23): inverse(0)
#1 {main}Exception: Division by zero. in C:\xampp\htdocs\PHP web\my_error1.php:18
Stack trace:
#0 C:\xampp\htdocs\PHP web\my_error1.php(23): inverse(0)
#1 {main}Exception: Division by zero. in C:\xampp\htdocs\PHP web\my_error1.php:18
Stack trace:
#0 C:\xampp\htdocs\PHP web\my_error1.php(23): inverse(0)
#1 {main}Exception: Division by zero. in C:\xampp\htdocs\PHP web\my_error1.php:18
Stack trace:
#0 C:\xampp\htdocs\PHP web\my_error1.php(23): inverse(0)
#1 {main}Exception: Division by zero. in C:\xampp\htdocs\PHP web\my_error1.php:18
Stack trace:
#0 C:\xampp\htdocs\PHP web\my_error1.php(23): inverse(0)
#1 {main}Exception: Division by zero. in C:\xampp\htdocs\PHP web\my_error1.php:18
Stack trace:
#0 C:\xampp\htdocs\PHP web\my_error1.php(23): inverse(0)
#1 {main}Exception: Division by zero. in C:\xampp\htdocs\PHP web\my_error1.php:18
Stack trace:
#0 C:\xampp\htdocs\PHP web\my_error1.php(23): inverse(0)
#1 {main}Exception: Division by zero. in C:\xampp\htdocs\PHP web\my_error1.php:18
Stack trace:
#0 C:\xampp\htdocs\PHP web\my_error1.php(23): inverse(0)
#1 {main}Exception: Division by zero. in C:\xampp\htdocs\PHP web\my_error1.php:18
Stack trace:
#0 C:\xampp\htdocs\PHP web\my_error1.php(23): inverse(0)
#1 {main}